<?xml version="1.0" encoding="UTF-8"?>
<!-- Generated by org.testng.reporters.JUnitReportReporter -->
<testsuite hostname="DESKTOP-GGQ6OF8" failures="0" tests="1" name="grouping.Suitlevel" time="7.242" errors="0" timestamp="2023-08-28T16:59:30 IST" skipped="0">
  <testcase classname="grouping.Suitlevel" name="verifyfacebook" time="7.242"/>
  <system-out>
    <![CDATA[tcverifyfacebookpass
tcverifyfacebooksuccess]]>
  </system-out>
</testsuite> <!-- grouping.Suitlevel -->
