<?xml version="1.0" encoding="UTF-8"?>
<!-- Generated by org.testng.reporters.JUnitReportReporter -->
<testsuite hostname="DESKTOP-GGQ6OF8" failures="0" tests="2" name="grouping.Group" time="54.033" errors="0" timestamp="2023-08-25T19:33:40 IST" skipped="0">
  <testcase classname="grouping.Group" name="verifyajio" time="23.203"/>
  <system-out/>
  <testcase classname="grouping.Group" name="vrhi" time="30.830"/>
  <system-out/>
</testsuite> <!-- grouping.Group -->
