<?xml version="1.0" encoding="UTF-8"?>
<!-- Generated by org.testng.reporters.JUnitReportReporter -->
<testsuite hostname="DESKTOP-GGQ6OF8" failures="0" tests="3" name="tablelayer.Facebook" time="40.136" errors="0" timestamp="2023-08-25T22:21:32 IST" skipped="0">
  <testcase classname="tablelayer.Facebook" name="verifyfacebook" time="17.515"/>
  <system-out>
    <![CDATA[tcverifyfacebookpass
tcverifyfacebooksuccess]]>
  </system-out>
  <testcase classname="tablelayer.Facebook" name="verifyfacebook" time="11.789"/>
  <system-out>
    <![CDATA[tcverifyfacebookpass
tcverifyfacebooksuccess]]>
  </system-out>
  <testcase classname="tablelayer.Facebook" name="verifyfacebook" time="10.832"/>
  <system-out>
    <![CDATA[tcverifyfacebookpass
tcverifyfacebooksuccess]]>
  </system-out>
</testsuite> <!-- tablelayer.Facebook -->
