<?xml version="1.0" encoding="UTF-8"?>
<!-- Generated by org.testng.reporters.JUnitReportReporter -->
<testsuite hostname="DESKTOP-GGQ6OF8" failures="0" tests="16" name="tablelayer.Serialtesting" time="0.015" errors="0" timestamp="2023-08-25T18:49:26 IST" skipped="0">
  <testcase classname="tablelayer.Serialtesting" name="i" time="0.001"/>
  <system-out/>
  <testcase classname="tablelayer.Serialtesting" name="y" time="0.001"/>
  <system-out/>
  <testcase classname="tablelayer.Serialtesting" name="k" time="0.001"/>
  <system-out/>
  <testcase classname="tablelayer.Serialtesting" name="y" time="0.000"/>
  <system-out/>
  <testcase classname="tablelayer.Serialtesting" name="i" time="0.000"/>
  <system-out/>
  <testcase classname="tablelayer.Serialtesting" name="f" time="0.000"/>
  <system-out/>
  <testcase classname="tablelayer.Serialtesting" name="f" time="0.000"/>
  <system-out/>
  <testcase classname="tablelayer.Serialtesting" name="i" time="0.001"/>
  <system-out/>
  <testcase classname="tablelayer.Serialtesting" name="f" time="0.007"/>
  <system-out/>
  <testcase classname="tablelayer.Serialtesting" name="k" time="0.000"/>
  <system-out/>
  <testcase classname="tablelayer.Serialtesting" name="i" time="0.000"/>
  <system-out/>
  <testcase classname="tablelayer.Serialtesting" name="y" time="0.001"/>
  <system-out/>
  <testcase classname="tablelayer.Serialtesting" name="k" time="0.000"/>
  <system-out/>
  <testcase classname="tablelayer.Serialtesting" name="y" time="0.001"/>
  <system-out/>
  <testcase classname="tablelayer.Serialtesting" name="k" time="0.001"/>
  <system-out/>
  <testcase classname="tablelayer.Serialtesting" name="f" time="0.001"/>
  <system-out/>
</testsuite> <!-- tablelayer.Serialtesting -->
