<?xml version="1.0" encoding="UTF-8"?>
<!-- Generated by org.testng.reporters.JUnitReportReporter -->
<testsuite hostname="DESKTOP-GGQ6OF8" failures="0" tests="1" name="grouping.Test2" time="14.196" errors="0" timestamp="2023-08-28T16:59:30 IST" skipped="0">
  <testcase classname="grouping.Test2" name="verifyajio" time="14.196"/>
  <system-out>
    <![CDATA[tcverifyajiopass
tcverifyajiosuccess]]>
  </system-out>
</testsuite> <!-- grouping.Test2 -->
