<?xml version="1.0" encoding="UTF-8"?>
<!-- Generated by org.testng.reporters.JUnitReportReporter -->
<testsuite hostname="DESKTOP-GGQ6OF8" failures="0" tests="1" name="grouping.Test3" time="15.509" errors="0" timestamp="2023-08-28T16:59:30 IST" skipped="0">
  <testcase classname="grouping.Test3" name="verifypolicybaazar" time="15.509"/>
  <system-out>
    <![CDATA[tcverifypolicybaazarpass
tcverifypolicybaazarsuccess]]>
  </system-out>
</testsuite> <!-- grouping.Test3 -->
