<?xml version="1.0" encoding="UTF-8"?>
<!-- Generated by org.testng.reporters.JUnitReportReporter -->
<testsuite hostname="DESKTOP-GGQ6OF8" failures="0" tests="1" name="testingrar.policybaazarprofile" time="158.604" errors="0" timestamp="2023-08-28T20:20:45 IST" skipped="0">
  <testcase classname="testingrar.policybaazarprofile" name="profile" time="158.604"/>
  <system-out/>
</testsuite> <!-- testingrar.policybaazarprofile -->
